<?xml version="1.0" encoding="UTF-8"?>
<!-- Generated by org.testng.reporters.JUnitReportReporter -->
<testsuite hostname="PACSG1957NLN" failures="0" tests="7" name="Hello7.day3" time="0.014" errors="1" timestamp="2024-12-02T16:43:04 SGT" skipped="2">
  <testcase classname="Hello7.day3" name="MobilesignoutcarLoan" time="0.007"/>
  <testcase classname="Hello7.day3" name="WebloginCarLoan" time="0.001">
    <error message="
Parameter &#039;URL&#039; is required by @Test on method WebloginCarLoan but has not been marked @Optional or defined
in C:\Users\vincent.ong\AppData\Local\Temp\testng-eclipse-2103129037\testng-customsuite.xml" type="org.testng.TestNGException">
      <![CDATA[org.testng.TestNGException: 
Parameter 'URL' is required by @Test on method WebloginCarLoan but has not been marked @Optional or defined
in C:\Users\vincent.ong\AppData\Local\Temp\testng-eclipse-2103129037\testng-customsuite.xml
at org.testng.internal.Parameters.createParams(Parameters.java:264)
at org.testng.internal.Parameters.createParametersForMethod(Parameters.java:352)
at org.testng.internal.Parameters.createParameters(Parameters.java:690)
at org.testng.internal.Parameters.handleParameters(Parameters.java:885)
at org.testng.internal.Parameters.handleParameters(Parameters.java:734)
at org.testng.internal.invokers.ParameterHandler.handleParameters(ParameterHandler.java:72)
at org.testng.internal.invokers.ParameterHandler.createParameters(ParameterHandler.java:51)
at org.testng.internal.invokers.TestInvoker$MethodInvocationAgent.invoke(TestInvoker.java:946)
at org.testng.internal.invokers.TestInvoker.invokeTestMethods(TestInvoker.java:203)
at org.testng.internal.invokers.TestMethodWorker.invokeTestMethods(TestMethodWorker.java:154)
at org.testng.internal.invokers.TestMethodWorker.run(TestMethodWorker.java:134)
at java.base/java.util.ArrayList.forEach(ArrayList.java:1597)
at org.testng.TestRunner.privateRun(TestRunner.java:739)
at org.testng.TestRunner.run(TestRunner.java:614)
at org.testng.SuiteRunner.runTest(SuiteRunner.java:421)
at org.testng.SuiteRunner.runSequentially(SuiteRunner.java:413)
at org.testng.SuiteRunner.privateRun(SuiteRunner.java:373)
at org.testng.SuiteRunner.run(SuiteRunner.java:312)
at org.testng.SuiteRunnerWorker.runSuite(SuiteRunnerWorker.java:52)
at org.testng.SuiteRunnerWorker.run(SuiteRunnerWorker.java:95)
at org.testng.TestNG.runSuitesSequentially(TestNG.java:1274)
at org.testng.TestNG.runSuitesLocally(TestNG.java:1208)
at org.testng.TestNG.runSuites(TestNG.java:1112)
at org.testng.TestNG.run(TestNG.java:1079)
at org.testng.remote.AbstractRemoteTestNG.run(AbstractRemoteTestNG.java:115)
at org.testng.remote.RemoteTestNG.initAndRun(RemoteTestNG.java:293)
at org.testng.remote.RemoteTestNG.main(RemoteTestNG.java:91)
]]>
    </error>
  </testcase> <!-- WebloginCarLoan -->
  <testcase classname="Hello7.day3" name="MobileLogincarLoan" time="0.002"/>
  <testcase classname="Hello7.day3" name="MobilesignoutcarLoan" time="0.003"/>
  <testcase classname="Hello7.day3" name="MobilesignoutcarLoan" time="0.001"/>
  <testcase classname="Hello7.day3" name="APIcarLoan" time="0.000">
    <skipped/>
  </testcase> <!-- APIcarLoan -->
  <testcase classname="Hello7.day3" name="MobilesignimcarLoan">
    <skipped/>
  </testcase> <!-- MobilesignimcarLoan -->
</testsuite> <!-- Hello7.day3 -->
